<?xml version="1.0" encoding="UTF-8"?>
<!-- Generated by org.testng.reporters.JUnitXMLReporter -->
<testsuite ignored="0" hostname="LAPTOP-PVF3C24O" failures="1" tests="1" name="Test" time="19.457" errors="0" timestamp="2021-12-16T18:27:38 IST">
  <testcase classname="com.tms.tests.StudentEnrollmentPageTest" name="AddStudentEnrollmentRecordTest" time="12.1">
    <failure type="java.lang.AssertionError" message="expected [Student Enrolment List - TMS] but found [Add Student Enrolment - TMS]">
      <![CDATA[java.lang.AssertionError: expected [Student Enrolment List - TMS] but found [Add Student Enrolment - TMS]
at com.tms.tests.StudentEnrollmentPageTest.AddStudentEnrollmentRecordTest(StudentEnrollmentPageTest.java:70)
at java.base/java.util.concurrent.FutureTask.run(FutureTask.java:264)
at java.base/java.util.concurrent.Executors$RunnableAdapter.call(Executors.java:539)
at java.base/java.util.concurrent.FutureTask.run(FutureTask.java:264)
at java.base/java.util.concurrent.ThreadPoolExecutor.runWorker(ThreadPoolExecutor.java:1136)
at java.base/java.util.concurrent.ThreadPoolExecutor$Worker.run(ThreadPoolExecutor.java:635)
at java.base/java.lang.Thread.run(Thread.java:833)
... Removed 15 stack frames]]>
    </failure>
  </testcase> <!-- AddStudentEnrollmentRecordTest -->
</testsuite> <!-- Test -->
