<?xml version="1.0" encoding="UTF-8"?>
<!-- Generated by org.testng.reporters.JUnitXMLReporter -->
<testsuite ignored="0" hostname="LAPTOP-PVF3C24O" failures="3" tests="4" name="Test" time="40.185" errors="0" timestamp="2022-01-12T19:23:28 IST">
  <testcase classname="com.tms.tests.DataImportPageTest" name="AccessDataImportSyncCourseRunTPG" time="8.794"/>
  <testcase classname="com.tms.tests.DataImportPageTest" name="AccessDataImportCourseRuns" time="23.548">
    <failure type="java.lang.AssertionError" message="expected [Data Import - Course Runs - TMS] but found [🧨 A filepath or UploadedFile needs to be passed to start the import.]">
      <![CDATA[java.lang.AssertionError: expected [Data Import - Course Runs - TMS] but found [🧨 A filepath or UploadedFile needs to be passed to start the import.]
at com.tms.tests.DataImportPageTest.AccessDataImportCourseRuns(DataImportPageTest.java:37)
at java.base/java.util.concurrent.FutureTask.run(FutureTask.java:264)
at java.base/java.util.concurrent.Executors$RunnableAdapter.call(Executors.java:539)
at java.base/java.util.concurrent.FutureTask.run(FutureTask.java:264)
at java.base/java.util.concurrent.ThreadPoolExecutor.runWorker(ThreadPoolExecutor.java:1136)
at java.base/java.util.concurrent.ThreadPoolExecutor$Worker.run(ThreadPoolExecutor.java:635)
at java.base/java.lang.Thread.run(Thread.java:833)
... Removed 15 stack frames]]>
    </failure>
  </testcase> <!-- AccessDataImportCourseRuns -->
  <testcase classname="com.tms.tests.DataImportPageTest" name="AccessDataImportSyncStudentEnrolmentTPG" time="9.356">
    <failure type="java.lang.AssertionError" message="expected [Sync Student Enrolment - TPG] but found [Sync Student Enrolment - TMS]">
      <![CDATA[java.lang.AssertionError: expected [Sync Student Enrolment - TPG] but found [Sync Student Enrolment - TMS]
at com.tms.tests.DataImportPageTest.AccessDataImportSyncStudentEnrolmentTPG(DataImportPageTest.java:79)
at java.base/java.util.concurrent.FutureTask.run(FutureTask.java:264)
at java.base/java.util.concurrent.Executors$RunnableAdapter.call(Executors.java:539)
at java.base/java.util.concurrent.FutureTask.run(FutureTask.java:264)
at java.base/java.util.concurrent.ThreadPoolExecutor.runWorker(ThreadPoolExecutor.java:1136)
at java.base/java.util.concurrent.ThreadPoolExecutor$Worker.run(ThreadPoolExecutor.java:635)
at java.base/java.lang.Thread.run(Thread.java:833)
... Removed 15 stack frames]]>
    </failure>
  </testcase> <!-- AccessDataImportSyncStudentEnrolmentTPG -->
  <testcase classname="com.tms.tests.DataImportPageTest" name="AccessDataImportStudentEnrollment" time="25.906">
    <failure type="java.lang.AssertionError" message="expected [Data Import - Student Enrolment - TMS] but found [🧨 A filepath or UploadedFile needs to be passed to start the import.]">
      <![CDATA[java.lang.AssertionError: expected [Data Import - Student Enrolment - TMS] but found [🧨 A filepath or UploadedFile needs to be passed to start the import.]
at com.tms.tests.DataImportPageTest.AccessDataImportStudentEnrollment(DataImportPageTest.java:51)
at java.base/java.util.concurrent.FutureTask.run(FutureTask.java:264)
at java.base/java.util.concurrent.Executors$RunnableAdapter.call(Executors.java:539)
at java.base/java.util.concurrent.FutureTask.run(FutureTask.java:264)
at java.base/java.util.concurrent.ThreadPoolExecutor.runWorker(ThreadPoolExecutor.java:1136)
at java.base/java.util.concurrent.ThreadPoolExecutor$Worker.run(ThreadPoolExecutor.java:635)
at java.base/java.lang.Thread.run(Thread.java:833)
... Removed 15 stack frames]]>
    </failure>
  </testcase> <!-- AccessDataImportStudentEnrollment -->
</testsuite> <!-- Test -->
