<?xml version="1.0" encoding="UTF-8"?>
<testng-results ignored="0" total="4" passed="1" failed="3" skipped="0">
  <reporter-output>
  </reporter-output>
  <suite started-at="2022-01-12T19:22:48 IST" name="Suite" finished-at="2022-01-12T19:23:28 IST" duration-ms="40185">
    <groups>
    </groups>
    <test started-at="2022-01-12T19:22:48 IST" name="Test" finished-at="2022-01-12T19:23:28 IST" duration-ms="40185">
      <class name="com.tms.tests.DataImportPageTest">
        <test-method is-config="true" signature="setUp([Ljava.lang.Object;)[pri:0, instance:com.tms.tests.DataImportPageTest@4c402120]" started-at="2022-01-12T19:22:49 IST" name="setUp" finished-at="2022-01-12T19:23:01 IST" duration-ms="11193" status="PASS">
          <params>
            <param index="0">
              <value>
                <![CDATA[[Ljava.lang.Object;@779dfe55]]>
              </value>
            </param>
          </params>
          <reporter-output>
          </reporter-output>
        </test-method> <!-- setUp -->
        <test-method is-config="true" signature="setUp([Ljava.lang.Object;)[pri:0, instance:com.tms.tests.DataImportPageTest@4c402120]" started-at="2022-01-12T19:22:49 IST" name="setUp" finished-at="2022-01-12T19:23:02 IST" duration-ms="12515" status="PASS">
          <params>
            <param index="0">
              <value>
                <![CDATA[[Ljava.lang.Object;@323659f8]]>
              </value>
            </param>
          </params>
          <reporter-output>
          </reporter-output>
        </test-method> <!-- setUp -->
        <test-method is-config="true" signature="setUp([Ljava.lang.Object;)[pri:0, instance:com.tms.tests.DataImportPageTest@4c402120]" started-at="2022-01-12T19:22:49 IST" name="setUp" finished-at="2022-01-12T19:23:01 IST" duration-ms="11347" status="PASS">
          <params>
            <param index="0">
              <value>
                <![CDATA[[Ljava.lang.Object;@1144a55a]]>
              </value>
            </param>
          </params>
          <reporter-output>
          </reporter-output>
        </test-method> <!-- setUp -->
        <test-method signature="AccessDataImportSyncCourseRunTPG(java.util.Map)[pri:0, instance:com.tms.tests.DataImportPageTest@4c402120]" started-at="2022-01-12T19:23:01 IST" name="AccessDataImportSyncCourseRunTPG" description="Verify user is able to access AccessDataImportSyncCourseRunTPG" data-provider="getData" finished-at="2022-01-12T19:23:09 IST" duration-ms="8794" status="PASS">
          <params>
            <param index="0">
              <value>
                <![CDATA[{FeesPaid=, Email=, enrolment_id=, Unit=, Scheduleinfodesc=, linkedIn URL=, reference=, Name3=, password=123456, Billing Address=, Remarks=, Postalcode=, Street=, confirmpassword=, Company uen=, Name2=, Threshold=, Contact Number=, Date Of Birth=, Company Contact Person=, Meal Restrictions Type=, testname=AccessDataImportSyncCourseRunTPG, execute=yes, Experience=, Student Name=, submenu=Sync Course Run - TPG, newpassword1=, name=, Block=, name1=, Building=, Description=, phonenumber=, EnterText=, Student Mobile=, Please specify meal restriction=, Company Contact Person Number=, Deadline Date=, Studnet Date Of Birth=, browser=chrome, skill=, Mobile No=, Email1=, Nric=, Domain Area of Practice=, Room=, Billing Email=, email=, Age=, Notes=, Student NRIC=, Floor=, Maxintakesize=, menuname=Data Import, Student Address=, Coursecode=, Company Contact Person Email=, Coursevacdesc=, Scheduleinformation=, Student Email=, Company SME=, TPGateway=, Billing Zip=, Minintakesize=, Course Run Id=438042, Payment Amount=, oldpassword1=, Company Name=, coursecode=, username=superadmin@mail.com, Scheduleinfo=}]]>
              </value>
            </param>
          </params>
          <reporter-output>
          </reporter-output>
        </test-method> <!-- AccessDataImportSyncCourseRunTPG -->
        <test-method signature="AccessDataImportCourseRuns(java.util.Map)[pri:0, instance:com.tms.tests.DataImportPageTest@4c402120]" started-at="2022-01-12T19:23:01 IST" name="AccessDataImportCourseRuns" description="Verify user is able to access AccessDataImportCourseRuns" data-provider="getData" finished-at="2022-01-12T19:23:24 IST" duration-ms="23548" status="FAIL">
          <params>
            <param index="0">
              <value>
                <![CDATA[{FeesPaid=, Email=, enrolment_id=, Unit=, Scheduleinfodesc=, linkedIn URL=, reference=, Name3=, password=123456, Billing Address=, Remarks=, Postalcode=, Street=, confirmpassword=, Company uen=, Name2=, Threshold=, Contact Number=, Date Of Birth=, Company Contact Person=, Meal Restrictions Type=, testname=AccessDataImportCourseRuns, execute=yes, Experience=, Student Name=, submenu=Course Run, newpassword1=, name=, Block=, name1=, Building=, Description=, phonenumber=, EnterText=, Student Mobile=, Please specify meal restriction=, Company Contact Person Number=, Deadline Date=, Studnet Date Of Birth=, browser=chrome, skill=, Mobile No=, Email1=, Nric=, Domain Area of Practice=, Room=, Billing Email=, email=, Age=, Notes=, Student NRIC=, Floor=, Maxintakesize=, menuname=Data Import, Student Address=, Coursecode=, Company Contact Person Email=, Coursevacdesc=, Scheduleinformation=, Student Email=, Company SME=, TPGateway=, Billing Zip=, Minintakesize=, Course Run Id=, Payment Amount=, oldpassword1=, Company Name=, coursecode=, username=superadmin@mail.com, Scheduleinfo=}]]>
              </value>
            </param>
          </params>
          <exception class="java.lang.AssertionError">
            <message>
              <![CDATA[expected [Data Import - Course Runs - TMS] but found [🧨 A filepath or UploadedFile needs to be passed to start the import.]]]>
            </message>
            <full-stacktrace>
              <![CDATA[java.lang.AssertionError: expected [Data Import - Course Runs - TMS] but found [🧨 A filepath or UploadedFile needs to be passed to start the import.]
at org.testng.Assert.fail(Assert.java:99)
at org.testng.Assert.failNotEquals(Assert.java:1037)
at org.testng.Assert.assertEqualsImpl(Assert.java:140)
at org.testng.Assert.assertEquals(Assert.java:122)
at org.testng.Assert.assertEquals(Assert.java:629)
at org.testng.Assert.assertEquals(Assert.java:639)
at com.tms.tests.DataImportPageTest.AccessDataImportCourseRuns(DataImportPageTest.java:37)
at java.base/jdk.internal.reflect.NativeMethodAccessorImpl.invoke0(Native Method)
at java.base/jdk.internal.reflect.NativeMethodAccessorImpl.invoke(NativeMethodAccessorImpl.java:77)
at java.base/jdk.internal.reflect.DelegatingMethodAccessorImpl.invoke(DelegatingMethodAccessorImpl.java:43)
at java.base/java.lang.reflect.Method.invoke(Method.java:568)
at org.testng.internal.MethodInvocationHelper.invokeMethod(MethodInvocationHelper.java:133)
at org.testng.internal.TestInvoker.invokeMethod(TestInvoker.java:598)
at org.testng.internal.TestInvoker.invokeTestMethod(TestInvoker.java:173)
at org.testng.internal.TestMethodWithDataProviderMethodWorker.call(TestMethodWithDataProviderMethodWorker.java:77)
at org.testng.internal.TestMethodWithDataProviderMethodWorker.call(TestMethodWithDataProviderMethodWorker.java:15)
at java.base/java.util.concurrent.FutureTask.run(FutureTask.java:264)
at java.base/java.util.concurrent.Executors$RunnableAdapter.call(Executors.java:539)
at java.base/java.util.concurrent.FutureTask.run(FutureTask.java:264)
at java.base/java.util.concurrent.ThreadPoolExecutor.runWorker(ThreadPoolExecutor.java:1136)
at java.base/java.util.concurrent.ThreadPoolExecutor$Worker.run(ThreadPoolExecutor.java:635)
at java.base/java.lang.Thread.run(Thread.java:833)
]]>
            </full-stacktrace>
          </exception> <!-- java.lang.AssertionError -->
          <reporter-output>
          </reporter-output>
        </test-method> <!-- AccessDataImportCourseRuns -->
        <test-method signature="AccessDataImportStudentEnrollment(java.util.Map)[pri:0, instance:com.tms.tests.DataImportPageTest@4c402120]" started-at="2022-01-12T19:23:02 IST" name="AccessDataImportStudentEnrollment" description="Verify user is able to access AccessDataImportStudentEnrollment" data-provider="getData" finished-at="2022-01-12T19:23:28 IST" duration-ms="25906" status="FAIL">
          <params>
            <param index="0">
              <value>
                <![CDATA[{FeesPaid=, Email=, enrolment_id=, Unit=, Scheduleinfodesc=, linkedIn URL=, reference=, Name3=, password=123456, Billing Address=, Remarks=, Postalcode=, Street=, confirmpassword=, Company uen=, Name2=, Threshold=, Contact Number=, Date Of Birth=, Company Contact Person=, Meal Restrictions Type=, testname=AccessDataImportStudentEnrollment, execute=yes, Experience=, Student Name=, submenu=Student Enrolment, newpassword1=, name=, Block=, name1=, Building=, Description=, phonenumber=, EnterText=, Student Mobile=, Please specify meal restriction=, Company Contact Person Number=, Deadline Date=, Studnet Date Of Birth=, browser=chrome, skill=, Mobile No=, Email1=, Nric=, Domain Area of Practice=, Room=, Billing Email=, email=, Age=, Notes=, Student NRIC=, Floor=, Maxintakesize=, menuname=Data Import, Student Address=, Coursecode=, Company Contact Person Email=, Coursevacdesc=, Scheduleinformation=, Student Email=, Company SME=, TPGateway=, Billing Zip=, Minintakesize=, Course Run Id=, Payment Amount=, oldpassword1=, Company Name=, coursecode=, username=superadmin@mail.com, Scheduleinfo=}]]>
              </value>
            </param>
          </params>
          <exception class="java.lang.AssertionError">
            <message>
              <![CDATA[expected [Data Import - Student Enrolment - TMS] but found [🧨 A filepath or UploadedFile needs to be passed to start the import.]]]>
            </message>
            <full-stacktrace>
              <![CDATA[java.lang.AssertionError: expected [Data Import - Student Enrolment - TMS] but found [🧨 A filepath or UploadedFile needs to be passed to start the import.]
at org.testng.Assert.fail(Assert.java:99)
at org.testng.Assert.failNotEquals(Assert.java:1037)
at org.testng.Assert.assertEqualsImpl(Assert.java:140)
at org.testng.Assert.assertEquals(Assert.java:122)
at org.testng.Assert.assertEquals(Assert.java:629)
at org.testng.Assert.assertEquals(Assert.java:639)
at com.tms.tests.DataImportPageTest.AccessDataImportStudentEnrollment(DataImportPageTest.java:51)
at java.base/jdk.internal.reflect.NativeMethodAccessorImpl.invoke0(Native Method)
at java.base/jdk.internal.reflect.NativeMethodAccessorImpl.invoke(NativeMethodAccessorImpl.java:77)
at java.base/jdk.internal.reflect.DelegatingMethodAccessorImpl.invoke(DelegatingMethodAccessorImpl.java:43)
at java.base/java.lang.reflect.Method.invoke(Method.java:568)
at org.testng.internal.MethodInvocationHelper.invokeMethod(MethodInvocationHelper.java:133)
at org.testng.internal.TestInvoker.invokeMethod(TestInvoker.java:598)
at org.testng.internal.TestInvoker.invokeTestMethod(TestInvoker.java:173)
at org.testng.internal.TestMethodWithDataProviderMethodWorker.call(TestMethodWithDataProviderMethodWorker.java:77)
at org.testng.internal.TestMethodWithDataProviderMethodWorker.call(TestMethodWithDataProviderMethodWorker.java:15)
at java.base/java.util.concurrent.FutureTask.run(FutureTask.java:264)
at java.base/java.util.concurrent.Executors$RunnableAdapter.call(Executors.java:539)
at java.base/java.util.concurrent.FutureTask.run(FutureTask.java:264)
at java.base/java.util.concurrent.ThreadPoolExecutor.runWorker(ThreadPoolExecutor.java:1136)
at java.base/java.util.concurrent.ThreadPoolExecutor$Worker.run(ThreadPoolExecutor.java:635)
at java.base/java.lang.Thread.run(Thread.java:833)
]]>
            </full-stacktrace>
          </exception> <!-- java.lang.AssertionError -->
          <reporter-output>
          </reporter-output>
        </test-method> <!-- AccessDataImportStudentEnrollment -->
        <test-method is-config="true" signature="tearDown()[pri:0, instance:com.tms.tests.DataImportPageTest@4c402120]" started-at="2022-01-12T19:23:09 IST" name="tearDown" finished-at="2022-01-12T19:23:10 IST" duration-ms="316" status="PASS">
          <reporter-output>
          </reporter-output>
        </test-method> <!-- tearDown -->
        <test-method is-config="true" signature="setUp([Ljava.lang.Object;)[pri:0, instance:com.tms.tests.DataImportPageTest@4c402120]" started-at="2022-01-12T19:23:10 IST" name="setUp" finished-at="2022-01-12T19:23:18 IST" duration-ms="8391" status="PASS">
          <params>
            <param index="0">
              <value>
                <![CDATA[[Ljava.lang.Object;@3e521715]]>
              </value>
            </param>
          </params>
          <reporter-output>
          </reporter-output>
        </test-method> <!-- setUp -->
        <test-method signature="AccessDataImportSyncStudentEnrolmentTPG(java.util.Map)[pri:0, instance:com.tms.tests.DataImportPageTest@4c402120]" started-at="2022-01-12T19:23:18 IST" name="AccessDataImportSyncStudentEnrolmentTPG" description="Verify user is able to access AccessDataImportSyncStudentEnrolmentTPG" data-provider="getData" finished-at="2022-01-12T19:23:28 IST" duration-ms="9356" status="FAIL">
          <params>
            <param index="0">
              <value>
                <![CDATA[{FeesPaid=, Email=, enrolment_id=ENR-2201-014615, Unit=, Scheduleinfodesc=, linkedIn URL=, reference=, Name3=, password=123456, Billing Address=, Remarks=, Postalcode=, Street=, confirmpassword=, Company uen=, Name2=, Threshold=, Contact Number=, Date Of Birth=, Company Contact Person=, Meal Restrictions Type=, testname=AccessDataImportSyncStudentEnrolmentTPG, execute=yes, Experience=, Student Name=, submenu=Sync Student Enrolment - TPG, newpassword1=, name=, Block=, name1=, Building=, Description=, phonenumber=, EnterText=, Student Mobile=, Please specify meal restriction=, Company Contact Person Number=, Deadline Date=, Studnet Date Of Birth=, browser=chrome, skill=, Mobile No=, Email1=, Nric=, Domain Area of Practice=, Room=, Billing Email=, email=, Age=, Notes=, Student NRIC=, Floor=, Maxintakesize=, menuname=Data Import, Student Address=, Coursecode=, Company Contact Person Email=, Coursevacdesc=, Scheduleinformation=, Student Email=, Company SME=, TPGateway=, Billing Zip=, Minintakesize=, Course Run Id=, Payment Amount=, oldpassword1=, Company Name=, coursecode=, username=superadmin@mail.com, Scheduleinfo=}]]>
              </value>
            </param>
          </params>
          <exception class="java.lang.AssertionError">
            <message>
              <![CDATA[expected [Sync Student Enrolment - TPG] but found [Sync Student Enrolment - TMS]]]>
            </message>
            <full-stacktrace>
              <![CDATA[java.lang.AssertionError: expected [Sync Student Enrolment - TPG] but found [Sync Student Enrolment - TMS]
at org.testng.Assert.fail(Assert.java:99)
at org.testng.Assert.failNotEquals(Assert.java:1037)
at org.testng.Assert.assertEqualsImpl(Assert.java:140)
at org.testng.Assert.assertEquals(Assert.java:122)
at org.testng.Assert.assertEquals(Assert.java:629)
at org.testng.Assert.assertEquals(Assert.java:639)
at com.tms.tests.DataImportPageTest.AccessDataImportSyncStudentEnrolmentTPG(DataImportPageTest.java:79)
at java.base/jdk.internal.reflect.NativeMethodAccessorImpl.invoke0(Native Method)
at java.base/jdk.internal.reflect.NativeMethodAccessorImpl.invoke(NativeMethodAccessorImpl.java:77)
at java.base/jdk.internal.reflect.DelegatingMethodAccessorImpl.invoke(DelegatingMethodAccessorImpl.java:43)
at java.base/java.lang.reflect.Method.invoke(Method.java:568)
at org.testng.internal.MethodInvocationHelper.invokeMethod(MethodInvocationHelper.java:133)
at org.testng.internal.TestInvoker.invokeMethod(TestInvoker.java:598)
at org.testng.internal.TestInvoker.invokeTestMethod(TestInvoker.java:173)
at org.testng.internal.TestMethodWithDataProviderMethodWorker.call(TestMethodWithDataProviderMethodWorker.java:77)
at org.testng.internal.TestMethodWithDataProviderMethodWorker.call(TestMethodWithDataProviderMethodWorker.java:15)
at java.base/java.util.concurrent.FutureTask.run(FutureTask.java:264)
at java.base/java.util.concurrent.Executors$RunnableAdapter.call(Executors.java:539)
at java.base/java.util.concurrent.FutureTask.run(FutureTask.java:264)
at java.base/java.util.concurrent.ThreadPoolExecutor.runWorker(ThreadPoolExecutor.java:1136)
at java.base/java.util.concurrent.ThreadPoolExecutor$Worker.run(ThreadPoolExecutor.java:635)
at java.base/java.lang.Thread.run(Thread.java:833)
]]>
            </full-stacktrace>
          </exception> <!-- java.lang.AssertionError -->
          <reporter-output>
          </reporter-output>
        </test-method> <!-- AccessDataImportSyncStudentEnrolmentTPG -->
        <test-method is-config="true" signature="tearDown()[pri:0, instance:com.tms.tests.DataImportPageTest@4c402120]" started-at="2022-01-12T19:23:25 IST" name="tearDown" finished-at="2022-01-12T19:23:26 IST" duration-ms="240" status="PASS">
          <reporter-output>
          </reporter-output>
        </test-method> <!-- tearDown -->
        <test-method is-config="true" signature="tearDown()[pri:0, instance:com.tms.tests.DataImportPageTest@4c402120]" started-at="2022-01-12T19:23:28 IST" name="tearDown" finished-at="2022-01-12T19:23:28 IST" duration-ms="226" status="PASS">
          <reporter-output>
          </reporter-output>
        </test-method> <!-- tearDown -->
        <test-method is-config="true" signature="tearDown()[pri:0, instance:com.tms.tests.DataImportPageTest@4c402120]" started-at="2022-01-12T19:23:28 IST" name="tearDown" finished-at="2022-01-12T19:23:28 IST" duration-ms="219" status="PASS">
          <reporter-output>
          </reporter-output>
        </test-method> <!-- tearDown -->
      </class> <!-- com.tms.tests.DataImportPageTest -->
    </test> <!-- Test -->
  </suite> <!-- Suite -->
</testng-results>
